<?xml version="1.0" encoding="UTF-8"?>
<testsuite xmlns:xsi="http://www.w3.org/2001/XMLSchema-instance" xsi:noNamespaceSchemaLocation="https://maven.apache.org/surefire/maven-surefire-plugin/xsd/surefire-test-report-3.0.xsd" version="3.0" name="AppTest" time="0.265" tests="1" errors="0" skipped="0" failures="0">
  <properties>
    <property name="java.specification.version" value="21"/>
    <property name="sun.jnu.encoding" value="UTF-8"/>
    <property name="java.class.path" value="/home/srm/Escritorio/envios/target/test-classes:/home/srm/Escritorio/envios/target/classes:/home/srm/.m2/repository/org/junit/jupiter/junit-jupiter/5.11.1/junit-jupiter-5.11.1.jar:/home/srm/.m2/repository/org/junit/jupiter/junit-jupiter-api/5.11.1/junit-jupiter-api-5.11.1.jar:/home/srm/.m2/repository/org/opentest4j/opentest4j/1.3.0/opentest4j-1.3.0.jar:/home/srm/.m2/repository/org/junit/platform/junit-platform-commons/1.11.1/junit-platform-commons-1.11.1.jar:/home/srm/.m2/repository/org/apiguardian/apiguardian-api/1.1.2/apiguardian-api-1.1.2.jar:/home/srm/.m2/repository/org/junit/jupiter/junit-jupiter-params/5.11.1/junit-jupiter-params-5.11.1.jar:/home/srm/.m2/repository/org/junit/jupiter/junit-jupiter-engine/5.11.1/junit-jupiter-engine-5.11.1.jar:/home/srm/.m2/repository/org/junit/platform/junit-platform-engine/1.11.1/junit-platform-engine-1.11.1.jar:/home/srm/.m2/repository/org/json/json/20240303/json-20240303.jar:/home/srm/.m2/repository/io/javalin/javalin/6.3.0/javalin-6.3.0.jar:/home/srm/.m2/repository/org/slf4j/slf4j-api/2.0.16/slf4j-api-2.0.16.jar:/home/srm/.m2/repository/org/eclipse/jetty/jetty-server/11.0.23/jetty-server-11.0.23.jar:/home/srm/.m2/repository/org/eclipse/jetty/jetty-http/11.0.23/jetty-http-11.0.23.jar:/home/srm/.m2/repository/org/eclipse/jetty/jetty-util/11.0.23/jetty-util-11.0.23.jar:/home/srm/.m2/repository/org/eclipse/jetty/jetty-io/11.0.23/jetty-io-11.0.23.jar:/home/srm/.m2/repository/org/eclipse/jetty/toolchain/jetty-jakarta-servlet-api/5.0.2/jetty-jakarta-servlet-api-5.0.2.jar:/home/srm/.m2/repository/org/eclipse/jetty/websocket/websocket-jetty-server/11.0.23/websocket-jetty-server-11.0.23.jar:/home/srm/.m2/repository/org/eclipse/jetty/jetty-servlet/11.0.23/jetty-servlet-11.0.23.jar:/home/srm/.m2/repository/org/eclipse/jetty/jetty-security/11.0.23/jetty-security-11.0.23.jar:/home/srm/.m2/repository/org/eclipse/jetty/jetty-webapp/11.0.23/jetty-webapp-11.0.23.jar:/home/srm/.m2/repository/org/eclipse/jetty/jetty-xml/11.0.23/jetty-xml-11.0.23.jar:/home/srm/.m2/repository/org/eclipse/jetty/websocket/websocket-jetty-api/11.0.23/websocket-jetty-api-11.0.23.jar:/home/srm/.m2/repository/org/eclipse/jetty/websocket/websocket-jetty-common/11.0.23/websocket-jetty-common-11.0.23.jar:/home/srm/.m2/repository/org/eclipse/jetty/websocket/websocket-core-common/11.0.23/websocket-core-common-11.0.23.jar:/home/srm/.m2/repository/org/eclipse/jetty/websocket/websocket-servlet/11.0.23/websocket-servlet-11.0.23.jar:/home/srm/.m2/repository/org/eclipse/jetty/websocket/websocket-core-server/11.0.23/websocket-core-server-11.0.23.jar:/home/srm/.m2/repository/org/jetbrains/kotlin/kotlin-stdlib-jdk8/1.9.25/kotlin-stdlib-jdk8-1.9.25.jar:/home/srm/.m2/repository/org/jetbrains/kotlin/kotlin-stdlib/1.9.25/kotlin-stdlib-1.9.25.jar:/home/srm/.m2/repository/org/jetbrains/annotations/13.0/annotations-13.0.jar:/home/srm/.m2/repository/org/jetbrains/kotlin/kotlin-stdlib-jdk7/1.9.25/kotlin-stdlib-jdk7-1.9.25.jar:/home/srm/.m2/repository/org/slf4j/slf4j-simple/2.0.16/slf4j-simple-2.0.16.jar:"/>
    <property name="java.vm.vendor" value="Eclipse Adoptium"/>
    <property name="sun.arch.data.model" value="64"/>
    <property name="java.vendor.url" value="https://adoptium.net/"/>
    <property name="os.name" value="Linux"/>
    <property name="java.vm.specification.version" value="21"/>
    <property name="user.country" value="CO"/>
    <property name="sun.java.launcher" value="SUN_STANDARD"/>
    <property name="sun.boot.library.path" value="/opt/java/jdk-21.0.4+7/lib"/>
    <property name="sun.java.command" value="/home/srm/Escritorio/envios/target/surefire/surefirebooter-20241006164638964_3.jar /home/srm/Escritorio/envios/target/surefire 2024-10-06T16-46-36_469-jvmRun1 surefire-20241006164638964_1tmp surefire_0-20241006164638964_2tmp"/>
    <property name="jdk.debug" value="release"/>
    <property name="test" value="AppTest"/>
    <property name="surefire.test.class.path" value="/home/srm/Escritorio/envios/target/test-classes:/home/srm/Escritorio/envios/target/classes:/home/srm/.m2/repository/org/junit/jupiter/junit-jupiter/5.11.1/junit-jupiter-5.11.1.jar:/home/srm/.m2/repository/org/junit/jupiter/junit-jupiter-api/5.11.1/junit-jupiter-api-5.11.1.jar:/home/srm/.m2/repository/org/opentest4j/opentest4j/1.3.0/opentest4j-1.3.0.jar:/home/srm/.m2/repository/org/junit/platform/junit-platform-commons/1.11.1/junit-platform-commons-1.11.1.jar:/home/srm/.m2/repository/org/apiguardian/apiguardian-api/1.1.2/apiguardian-api-1.1.2.jar:/home/srm/.m2/repository/org/junit/jupiter/junit-jupiter-params/5.11.1/junit-jupiter-params-5.11.1.jar:/home/srm/.m2/repository/org/junit/jupiter/junit-jupiter-engine/5.11.1/junit-jupiter-engine-5.11.1.jar:/home/srm/.m2/repository/org/junit/platform/junit-platform-engine/1.11.1/junit-platform-engine-1.11.1.jar:/home/srm/.m2/repository/org/json/json/20240303/json-20240303.jar:/home/srm/.m2/repository/io/javalin/javalin/6.3.0/javalin-6.3.0.jar:/home/srm/.m2/repository/org/slf4j/slf4j-api/2.0.16/slf4j-api-2.0.16.jar:/home/srm/.m2/repository/org/eclipse/jetty/jetty-server/11.0.23/jetty-server-11.0.23.jar:/home/srm/.m2/repository/org/eclipse/jetty/jetty-http/11.0.23/jetty-http-11.0.23.jar:/home/srm/.m2/repository/org/eclipse/jetty/jetty-util/11.0.23/jetty-util-11.0.23.jar:/home/srm/.m2/repository/org/eclipse/jetty/jetty-io/11.0.23/jetty-io-11.0.23.jar:/home/srm/.m2/repository/org/eclipse/jetty/toolchain/jetty-jakarta-servlet-api/5.0.2/jetty-jakarta-servlet-api-5.0.2.jar:/home/srm/.m2/repository/org/eclipse/jetty/websocket/websocket-jetty-server/11.0.23/websocket-jetty-server-11.0.23.jar:/home/srm/.m2/repository/org/eclipse/jetty/jetty-servlet/11.0.23/jetty-servlet-11.0.23.jar:/home/srm/.m2/repository/org/eclipse/jetty/jetty-security/11.0.23/jetty-security-11.0.23.jar:/home/srm/.m2/repository/org/eclipse/jetty/jetty-webapp/11.0.23/jetty-webapp-11.0.23.jar:/home/srm/.m2/repository/org/eclipse/jetty/jetty-xml/11.0.23/jetty-xml-11.0.23.jar:/home/srm/.m2/repository/org/eclipse/jetty/websocket/websocket-jetty-api/11.0.23/websocket-jetty-api-11.0.23.jar:/home/srm/.m2/repository/org/eclipse/jetty/websocket/websocket-jetty-common/11.0.23/websocket-jetty-common-11.0.23.jar:/home/srm/.m2/repository/org/eclipse/jetty/websocket/websocket-core-common/11.0.23/websocket-core-common-11.0.23.jar:/home/srm/.m2/repository/org/eclipse/jetty/websocket/websocket-servlet/11.0.23/websocket-servlet-11.0.23.jar:/home/srm/.m2/repository/org/eclipse/jetty/websocket/websocket-core-server/11.0.23/websocket-core-server-11.0.23.jar:/home/srm/.m2/repository/org/jetbrains/kotlin/kotlin-stdlib-jdk8/1.9.25/kotlin-stdlib-jdk8-1.9.25.jar:/home/srm/.m2/repository/org/jetbrains/kotlin/kotlin-stdlib/1.9.25/kotlin-stdlib-1.9.25.jar:/home/srm/.m2/repository/org/jetbrains/annotations/13.0/annotations-13.0.jar:/home/srm/.m2/repository/org/jetbrains/kotlin/kotlin-stdlib-jdk7/1.9.25/kotlin-stdlib-jdk7-1.9.25.jar:/home/srm/.m2/repository/org/slf4j/slf4j-simple/2.0.16/slf4j-simple-2.0.16.jar:"/>
    <property name="sun.cpu.endian" value="little"/>
    <property name="user.home" value="/home/srm"/>
    <property name="user.language" value="es"/>
    <property name="java.specification.vendor" value="Oracle Corporation"/>
    <property name="java.version.date" value="2024-07-16"/>
    <property name="java.home" value="/opt/java/jdk-21.0.4+7"/>
    <property name="file.separator" value="/"/>
    <property name="basedir" value="/home/srm/Escritorio/envios"/>
    <property name="java.vm.compressedOopsMode" value="Zero based"/>
    <property name="line.separator" value="&#10;"/>
    <property name="java.vm.specification.vendor" value="Oracle Corporation"/>
    <property name="java.specification.name" value="Java Platform API Specification"/>
    <property name="surefire.real.class.path" value="/home/srm/Escritorio/envios/target/surefire/surefirebooter-20241006164638964_3.jar"/>
    <property name="sun.management.compiler" value="HotSpot 64-Bit Tiered Compilers"/>
    <property name="java.runtime.version" value="21.0.4+7-LTS"/>
    <property name="user.name" value="srm"/>
    <property name="stdout.encoding" value="UTF-8"/>
    <property name="path.separator" value=":"/>
    <property name="os.version" value="6.8.0-45-generic"/>
    <property name="java.runtime.name" value="OpenJDK Runtime Environment"/>
    <property name="file.encoding" value="UTF-8"/>
    <property name="java.vm.name" value="OpenJDK 64-Bit Server VM"/>
    <property name="java.vendor.version" value="Temurin-21.0.4+7"/>
    <property name="maven.ext.class.path" value="/home/srm/.vscode/extensions/oracle.oracle-java-22.1.2/nbcode/java/maven-nblib/netbeans-eventspy.jar"/>
    <property name="localRepository" value="/home/srm/.m2/repository"/>
    <property name="java.vendor.url.bug" value="https://github.com/adoptium/adoptium-support/issues"/>
    <property name="java.io.tmpdir" value="/tmp"/>
    <property name="java.version" value="21.0.4"/>
    <property name="user.dir" value="/home/srm/Escritorio/envios"/>
    <property name="os.arch" value="amd64"/>
    <property name="java.vm.specification.name" value="Java Virtual Machine Specification"/>
    <property name="native.encoding" value="UTF-8"/>
    <property name="java.library.path" value="/usr/java/packages/lib:/usr/lib64:/lib64:/lib:/usr/lib"/>
    <property name="java.vm.info" value="mixed mode, sharing"/>
    <property name="stderr.encoding" value="UTF-8"/>
    <property name="java.vendor" value="Eclipse Adoptium"/>
    <property name="java.vm.version" value="21.0.4+7-LTS"/>
    <property name="sun.io.unicode.encoding" value="UnicodeLittle"/>
    <property name="java.class.version" value="65.0"/>
  </properties>
  <testcase name="shouldAnswerWithTrue" classname="AppTest" time="0.135"/>
</testsuite>